2021-09-05T10:21:56.771Z Warning: ReactTable.netlify.app already exists. Please try a different slug.
2021-09-05T10:21:56.771Z     at Object.warn (/usr/local/lib/node_modules/netlify-cli/node_modules/@oclif/errors/lib/index.js:49:15)
2021-09-05T10:21:56.771Z     at SitesCreateCommand.warn (/usr/local/lib/node_modules/netlify-cli/node_modules/@oclif/command/lib/command.js:57:16)
2021-09-05T10:21:56.771Z     at inputSiteName (/usr/local/lib/node_modules/netlify-cli/src/commands/sites/create.js:98:16)
2021-09-05T10:21:56.771Z     at processTicksAndRejections (node:internal/process/task_queues:96:5)
2021-09-05T10:21:56.771Z     at async SitesCreateCommand.run (/usr/local/lib/node_modules/netlify-cli/src/commands/sites/create.js:105:5)
2021-09-05T10:21:56.771Z     at async SitesCreateCommand._run (/usr/local/lib/node_modules/netlify-cli/node_modules/@oclif/command/lib/command.js:43:20)
2021-09-05T10:21:56.771Z     at async DeployCommand.run (/usr/local/lib/node_modules/netlify-cli/src/commands/deploy.js:420:20)
2021-09-05T10:21:56.771Z     at async DeployCommand._run (/usr/local/lib/node_modules/netlify-cli/node_modules/@oclif/command/lib/command.js:43:20)
2021-09-05T10:21:56.771Z     at async Config.runCommand (/usr/local/lib/node_modules/netlify-cli/node_modules/@oclif/config/lib/config.js:173:24)
2021-09-05T10:21:56.771Z     at async Main.run (/usr/local/lib/node_modules/netlify-cli/node_modules/@oclif/command/lib/main.js:27:9)
2021-09-22T03:34:20.757Z Error: No such directory /build! Did you forget to run a build?
2021-09-22T03:34:20.757Z     at Object.error (/usr/local/lib/node_modules/netlify-cli/node_modules/@oclif/errors/lib/index.js:26:15)
2021-09-22T03:34:20.757Z     at error (/usr/local/lib/node_modules/netlify-cli/node_modules/@oclif/command/lib/command.js:60:23)
2021-09-22T03:34:20.757Z     at validateDeployFolder (/usr/local/lib/node_modules/netlify-cli/src/commands/deploy.js:80:14)
2021-09-22T03:34:20.757Z     at async validateFolders (/usr/local/lib/node_modules/netlify-cli/src/commands/deploy.js:138:28)
2021-09-22T03:34:20.757Z     at async DeployCommand.run (/usr/local/lib/node_modules/netlify-cli/src/commands/deploy.js:452:37)
2021-09-22T03:34:20.757Z     at async DeployCommand._run (/usr/local/lib/node_modules/netlify-cli/node_modules/@oclif/command/lib/command.js:43:20)
2021-09-22T03:34:20.757Z     at async Config.runCommand (/usr/local/lib/node_modules/netlify-cli/node_modules/@oclif/config/lib/config.js:173:24)
2021-09-22T03:34:20.757Z     at async Main.run (/usr/local/lib/node_modules/netlify-cli/node_modules/@oclif/command/lib/main.js:27:9)
2021-09-22T03:34:20.757Z     at async Main._run (/usr/local/lib/node_modules/netlify-cli/node_modules/@oclif/command/lib/command.js:43:20)
2021-10-01T14:11:20.256Z Warning: Portfolio.netlify.app already exists. Please try a different slug.
2021-10-01T14:11:20.256Z     at Object.warn (/usr/local/lib/node_modules/netlify-cli/node_modules/@oclif/errors/lib/index.js:49:15)
2021-10-01T14:11:20.256Z     at SitesCreateCommand.warn (/usr/local/lib/node_modules/netlify-cli/node_modules/@oclif/command/lib/command.js:57:16)
2021-10-01T14:11:20.256Z     at inputSiteName (/usr/local/lib/node_modules/netlify-cli/src/commands/sites/create.js:98:16)
2021-10-01T14:11:20.256Z     at processTicksAndRejections (node:internal/process/task_queues:96:5)
2021-10-01T14:11:20.256Z     at async SitesCreateCommand.run (/usr/local/lib/node_modules/netlify-cli/src/commands/sites/create.js:105:5)
2021-10-01T14:11:20.256Z     at async SitesCreateCommand._run (/usr/local/lib/node_modules/netlify-cli/node_modules/@oclif/command/lib/command.js:43:20)
2021-10-01T14:11:20.256Z     at async DeployCommand.run (/usr/local/lib/node_modules/netlify-cli/src/commands/deploy.js:420:20)
2021-10-01T14:11:20.256Z     at async DeployCommand._run (/usr/local/lib/node_modules/netlify-cli/node_modules/@oclif/command/lib/command.js:43:20)
2021-10-01T14:11:20.256Z     at async Config.runCommand (/usr/local/lib/node_modules/netlify-cli/node_modules/@oclif/config/lib/config.js:173:24)
2021-10-01T14:11:20.256Z     at async Main.run (/usr/local/lib/node_modules/netlify-cli/node_modules/@oclif/command/lib/main.js:27:9)
2021-10-01T14:11:33.632Z Warning: deepakportfolio.netlify.app already exists. Please try a different slug.
2021-10-01T14:11:33.632Z     at Object.warn (/usr/local/lib/node_modules/netlify-cli/node_modules/@oclif/errors/lib/index.js:49:15)
2021-10-01T14:11:33.632Z     at SitesCreateCommand.warn (/usr/local/lib/node_modules/netlify-cli/node_modules/@oclif/command/lib/command.js:57:16)
2021-10-01T14:11:33.632Z     at inputSiteName (/usr/local/lib/node_modules/netlify-cli/src/commands/sites/create.js:98:16)
2021-10-01T14:11:33.632Z     at processTicksAndRejections (node:internal/process/task_queues:96:5)
2021-10-01T14:11:33.632Z     at async inputSiteName (/usr/local/lib/node_modules/netlify-cli/src/commands/sites/create.js:99:11)
2021-10-01T14:11:33.632Z     at async SitesCreateCommand.run (/usr/local/lib/node_modules/netlify-cli/src/commands/sites/create.js:105:5)
2021-10-01T14:11:33.632Z     at async SitesCreateCommand._run (/usr/local/lib/node_modules/netlify-cli/node_modules/@oclif/command/lib/command.js:43:20)
2021-10-01T14:11:33.632Z     at async DeployCommand.run (/usr/local/lib/node_modules/netlify-cli/src/commands/deploy.js:420:20)
2021-10-01T14:11:33.632Z     at async DeployCommand._run (/usr/local/lib/node_modules/netlify-cli/node_modules/@oclif/command/lib/command.js:43:20)
2021-10-01T14:11:33.632Z     at async Config.runCommand (/usr/local/lib/node_modules/netlify-cli/node_modules/@oclif/config/lib/config.js:173:24)
